2023-07-06 11:25:40.267  INFO 19764 --- [restartedMain] com.EmployeeMicroServiceApplication      : Starting EmployeeMicroServiceApplication using Java 17.0.7 on Hp with PID 19764 (C:\Users\akash\Desktop\javatraining\Spring micro service gateway\employee-micro-service\employee-micro-service\target\classes started by akash in C:\Users\akash\Desktop\javatraining\Spring micro service gateway\employee-micro-service\employee-micro-service)
2023-07-06 11:25:40.268  INFO 19764 --- [restartedMain] com.EmployeeMicroServiceApplication      : No active profile set, falling back to 1 default profile: "default"
2023-07-06 11:25:40.355  INFO 19764 --- [restartedMain] .e.DevToolsPropertyDefaultsPostProcessor : Devtools property defaults active! Set 'spring.devtools.add-properties' to 'false' to disable
2023-07-06 11:25:40.356  INFO 19764 --- [restartedMain] .e.DevToolsPropertyDefaultsPostProcessor : For additional web related logging consider setting the 'logging.level.web' property to 'DEBUG'
2023-07-06 11:25:42.910  INFO 19764 --- [restartedMain] o.s.cloud.context.scope.GenericScope     : BeanFactory id=246e3800-2c68-3ae0-b771-fff034cea57b
2023-07-06 11:25:43.721  INFO 19764 --- [restartedMain] o.s.b.w.embedded.tomcat.TomcatWebServer  : Tomcat initialized with port(s): 9191 (http)
2023-07-06 11:25:43.742  INFO 19764 --- [restartedMain] o.apache.catalina.core.StandardService   : Starting service [Tomcat]
2023-07-06 11:25:43.743  INFO 19764 --- [restartedMain] org.apache.catalina.core.StandardEngine  : Starting Servlet engine: [Apache Tomcat/9.0.76]
2023-07-06 11:25:43.880  INFO 19764 --- [restartedMain] o.a.c.c.C.[Tomcat].[localhost].[/]       : Initializing Spring embedded WebApplicationContext
2023-07-06 11:25:43.880  INFO 19764 --- [restartedMain] w.s.c.ServletWebServerApplicationContext : Root WebApplicationContext: initialization completed in 3521 ms
2023-07-06 11:25:43.983  INFO 19764 --- [restartedMain] com.controller.EmployeeController        : list of employee object created...
2023-07-06 11:25:43.984  INFO 19764 --- [restartedMain] com.controller.EmployeeController        : 3 employee record stored
2023-07-06 11:25:43.985  INFO 19764 --- [restartedMain] com.controller.EmployeeController        : size of employee 3
2023-07-06 11:25:45.057  INFO 19764 --- [restartedMain] o.s.b.d.a.OptionalLiveReloadServer       : LiveReload server is running on port 35729
2023-07-06 11:25:45.372  INFO 19764 --- [restartedMain] DiscoveryClientOptionalArgsConfiguration : Eureka HTTP Client uses RestTemplate.
2023-07-06 11:25:45.675  WARN 19764 --- [restartedMain] iguration$LoadBalancerCaffeineWarnLogger : Spring Cloud LoadBalancer is currently working with the default cache. While this cache implementation is useful for development and tests, it's recommended to use Caffeine cache in production.You can switch to using Caffeine cache, by adding it and org.springframework.cache.caffeine.CaffeineCacheManager to the classpath.
2023-07-06 11:25:45.700  INFO 19764 --- [restartedMain] o.s.c.n.eureka.InstanceInfoFactory       : Setting initial instance status as: STARTING
2023-07-06 11:25:45.853  INFO 19764 --- [restartedMain] com.netflix.discovery.DiscoveryClient    : Initializing Eureka in region us-east-1
2023-07-06 11:25:45.864  INFO 19764 --- [restartedMain] c.n.d.s.r.aws.ConfigClusterResolver      : Resolving eureka endpoints via configuration
2023-07-06 11:25:45.926  INFO 19764 --- [restartedMain] com.netflix.discovery.DiscoveryClient    : Disable delta property : false
2023-07-06 11:25:45.927  INFO 19764 --- [restartedMain] com.netflix.discovery.DiscoveryClient    : Single vip registry refresh property : null
2023-07-06 11:25:45.927  INFO 19764 --- [restartedMain] com.netflix.discovery.DiscoveryClient    : Force full registry fetch : false
2023-07-06 11:25:45.927  INFO 19764 --- [restartedMain] com.netflix.discovery.DiscoveryClient    : Application is null : false
2023-07-06 11:25:45.927  INFO 19764 --- [restartedMain] com.netflix.discovery.DiscoveryClient    : Registered Applications size is zero : true
2023-07-06 11:25:45.927  INFO 19764 --- [restartedMain] com.netflix.discovery.DiscoveryClient    : Application version is -1: true
2023-07-06 11:25:45.927  INFO 19764 --- [restartedMain] com.netflix.discovery.DiscoveryClient    : Getting all instance registry info from the eureka server
2023-07-06 11:25:46.476  INFO 19764 --- [restartedMain] com.netflix.discovery.DiscoveryClient    : The response status is 200
2023-07-06 11:25:46.478  INFO 19764 --- [restartedMain] com.netflix.discovery.DiscoveryClient    : Starting heartbeat executor: renew interval is: 30
2023-07-06 11:25:46.481  INFO 19764 --- [restartedMain] c.n.discovery.InstanceInfoReplicator     : InstanceInfoReplicator onDemand update allowed rate per min is 4
2023-07-06 11:25:46.490  INFO 19764 --- [restartedMain] com.netflix.discovery.DiscoveryClient    : Discovery Client initialized at timestamp 1688622946489 with initial instances count: 0
2023-07-06 11:25:46.491  INFO 19764 --- [restartedMain] o.s.c.n.e.s.EurekaServiceRegistry        : Registering application EMPLOYEESERVICE with eureka with status UP
2023-07-06 11:25:46.492  INFO 19764 --- [restartedMain] com.netflix.discovery.DiscoveryClient    : Saw local status change event StatusChangeEvent [timestamp=1688622946492, current=UP, previous=STARTING]
2023-07-06 11:25:46.511  INFO 19764 --- [DiscoveryClient-InstanceInfoReplicator-0] com.netflix.discovery.DiscoveryClient    : DiscoveryClient_EMPLOYEESERVICE/host.docker.internal:employeeservice:9191: registering service...
2023-07-06 11:25:46.545  INFO 19764 --- [restartedMain] o.s.b.w.embedded.tomcat.TomcatWebServer  : Tomcat started on port(s): 9191 (http) with context path ''
2023-07-06 11:25:46.547  INFO 19764 --- [restartedMain] .s.c.n.e.s.EurekaAutoServiceRegistration : Updating port to 9191
2023-07-06 11:25:46.677  INFO 19764 --- [DiscoveryClient-InstanceInfoReplicator-0] com.netflix.discovery.DiscoveryClient    : DiscoveryClient_EMPLOYEESERVICE/host.docker.internal:employeeservice:9191 - registration status: 204
2023-07-06 11:25:46.746  INFO 19764 --- [restartedMain] com.EmployeeMicroServiceApplication      : Started EmployeeMicroServiceApplication in 7.17 seconds (JVM running for 7.997)
2023-07-06 11:26:16.479  INFO 19764 --- [DiscoveryClient-CacheRefreshExecutor-0] com.netflix.discovery.DiscoveryClient    : Disable delta property : false
2023-07-06 11:26:16.480  INFO 19764 --- [DiscoveryClient-CacheRefreshExecutor-0] com.netflix.discovery.DiscoveryClient    : Single vip registry refresh property : null
2023-07-06 11:26:16.480  INFO 19764 --- [DiscoveryClient-CacheRefreshExecutor-0] com.netflix.discovery.DiscoveryClient    : Force full registry fetch : false
2023-07-06 11:26:16.481  INFO 19764 --- [DiscoveryClient-CacheRefreshExecutor-0] com.netflix.discovery.DiscoveryClient    : Application is null : false
2023-07-06 11:26:16.481  INFO 19764 --- [DiscoveryClient-CacheRefreshExecutor-0] com.netflix.discovery.DiscoveryClient    : Registered Applications size is zero : true
2023-07-06 11:26:16.481  INFO 19764 --- [DiscoveryClient-CacheRefreshExecutor-0] com.netflix.discovery.DiscoveryClient    : Application version is -1: false
2023-07-06 11:26:16.481  INFO 19764 --- [DiscoveryClient-CacheRefreshExecutor-0] com.netflix.discovery.DiscoveryClient    : Getting all instance registry info from the eureka server
2023-07-06 11:26:16.498  INFO 19764 --- [DiscoveryClient-CacheRefreshExecutor-0] com.netflix.discovery.DiscoveryClient    : The response status is 200
2023-07-06 11:26:54.888  INFO 19764 --- [http-nio-9191-exec-3] o.a.c.c.C.[Tomcat].[localhost].[/]       : Initializing Spring DispatcherServlet 'dispatcherServlet'
2023-07-06 11:26:54.888  INFO 19764 --- [http-nio-9191-exec-3] o.s.web.servlet.DispatcherServlet        : Initializing Servlet 'dispatcherServlet'
2023-07-06 11:26:54.889  INFO 19764 --- [http-nio-9191-exec-3] o.s.web.servlet.DispatcherServlet        : Completed initialization in 1 ms
2023-07-06 11:26:54.934  INFO 19764 --- [http-nio-9191-exec-3] com.controller.EmployeeController        : find all employee called..
2023-07-06 11:26:54.934  INFO 19764 --- [http-nio-9191-exec-3] com.controller.EmployeeController        : Number of records going to display in json format 3
2023-07-06 11:26:54.934  INFO 19764 --- [http-nio-9191-exec-3] com.controller.EmployeeController        : Number of records going to display in json format 0
2023-07-06 11:30:45.941  INFO 19764 --- [AsyncResolver-bootstrap-executor-0] c.n.d.s.r.aws.ConfigClusterResolver      : Resolving eureka endpoints via configuration
